<?xml version="1.0" encoding="UTF-8"?>
<testng-results ignored="0" total="2" passed="2" failed="0" skipped="0">
  <reporter-output>
  </reporter-output>
  <suite started-at="2025-04-10T21:05:18 IST" name="Default suite" finished-at="2025-04-10T21:05:22 IST" duration-ms="3211">
    <groups>
    </groups>
    <test started-at="2025-04-10T21:05:18 IST" name="Default test" finished-at="2025-04-10T21:05:22 IST" duration-ms="3211">
      <class name="tests.GetAndPostTests">
        <test-method signature="testGet()[pri:0, instance:tests.GetAndPostTests@72e5a8e]" started-at="2025-04-10T21:05:18 IST" name="testGet" finished-at="2025-04-10T21:05:21 IST" duration-ms="2252" status="PASS">
          <reporter-output>
          </reporter-output>
        </test-method> <!-- testGet -->
        <test-method signature="testPost()[pri:0, instance:tests.GetAndPostTests@72e5a8e]" started-at="2025-04-10T21:05:21 IST" name="testPost" finished-at="2025-04-10T21:05:22 IST" duration-ms="870" status="PASS">
          <reporter-output>
          </reporter-output>
        </test-method> <!-- testPost -->
      </class> <!-- tests.GetAndPostTests -->
    </test> <!-- Default test -->
  </suite> <!-- Default suite -->
</testng-results>
