<?xml version="1.0" encoding="UTF-8"?>
<testng-results ignored="0" total="1" passed="1" failed="0" skipped="0">
  <reporter-output>
  </reporter-output>
  <suite started-at="2025-04-10T20:34:56 IST" name="Default suite" finished-at="2025-04-10T20:34:58 IST" duration-ms="1858">
    <groups>
    </groups>
    <test started-at="2025-04-10T20:34:56 IST" name="Default test" finished-at="2025-04-10T20:34:58 IST" duration-ms="1858">
      <class name="tests.JSONSchemaValidator">
        <test-method signature="testGet()[pri:0, instance:tests.JSONSchemaValidator@783a467b]" started-at="2025-04-10T20:34:56 IST" name="testGet" finished-at="2025-04-10T20:34:58 IST" duration-ms="1803" status="PASS">
          <reporter-output>
          </reporter-output>
        </test-method> <!-- testGet -->
      </class> <!-- tests.JSONSchemaValidator -->
    </test> <!-- Default test -->
  </suite> <!-- Default suite -->
</testng-results>
